[6048] 24 Sep 16:28:58 * Server started, Redis version 2.4.5
[6048] 24 Sep 16:28:58 # Open data file dump.rdb: No such file or directory
[6048] 24 Sep 16:28:58 * The server is now ready to accept connections on port 6379
[5612] 02 Oct 17:49:13 * Server started, Redis version 2.4.5
[5612] 02 Oct 17:49:13 # Open data file dump.rdb: No such file or directory
[5612] 02 Oct 17:49:13 * The server is now ready to accept connections on port 6379
[6076] 03 Oct 12:10:00 * Server started, Redis version 2.4.5
[6076] 03 Oct 12:10:00 # Open data file dump.rdb: No such file or directory
[6076] 03 Oct 12:10:00 * The server is now ready to accept connections on port 6379
[5168] 16 Oct 08:10:31 * Server started, Redis version 2.4.5
[5168] 16 Oct 08:10:31 # Open data file dump.rdb: No such file or directory
[5168] 16 Oct 08:10:31 * The server is now ready to accept connections on port 6379
[5540] 26 Nov 21:44:17 * Server started, Redis version 2.4.5
[5540] 26 Nov 21:44:17 # Open data file dump.rdb: No such file or directory
[5540] 26 Nov 21:44:17 * The server is now ready to accept connections on port 6379
[2336] 18 Dec 08:32:07 * Server started, Redis version 2.4.5
[2336] 18 Dec 08:32:07 # Open data file dump.rdb: No such file or directory
[2336] 18 Dec 08:32:07 * The server is now ready to accept connections on port 6379
[6088] 18 Dec 08:36:35 * Server started, Redis version 2.4.5
[6088] 18 Dec 08:36:35 # Open data file dump.rdb: No such file or directory
[6088] 18 Dec 08:36:35 * The server is now ready to accept connections on port 6379
[5572] 23 Dec 10:03:59 * Server started, Redis version 2.4.5
[5572] 23 Dec 10:03:59 # Open data file dump.rdb: No such file or directory
[5572] 23 Dec 10:03:59 * The server is now ready to accept connections on port 6379
[5344] 23 Dec 10:04:37 * Server started, Redis version 2.4.5
[5344] 23 Dec 10:04:37 # Open data file dump.rdb: No such file or directory
[5344] 23 Dec 10:04:37 * The server is now ready to accept connections on port 6379
[4192] 23 Dec 10:57:18 * Server started, Redis version 2.4.5
[4192] 23 Dec 10:57:18 # Open data file dump.rdb: No such file or directory
[4192] 23 Dec 10:57:18 * The server is now ready to accept connections on port 6379
[5260] 25 Dec 08:42:06 * Server started, Redis version 2.4.5
[5260] 25 Dec 08:42:06 # Open data file dump.rdb: No such file or directory
[5260] 25 Dec 08:42:06 * The server is now ready to accept connections on port 6379
[4492] 25 Dec 09:43:57 * Server started, Redis version 2.4.5
[4492] 25 Dec 09:43:57 # Open data file dump.rdb: No such file or directory
[4492] 25 Dec 09:43:57 * The server is now ready to accept connections on port 6379
[2908] 25 Dec 12:53:45 * Server started, Redis version 2.4.5
[2908] 25 Dec 12:53:45 # Open data file dump.rdb: No such file or directory
[2908] 25 Dec 12:53:45 * The server is now ready to accept connections on port 6379
[4308] 15 Jan 11:50:32 * Server started, Redis version 2.4.5
[4308] 15 Jan 11:50:32 # Open data file dump.rdb: No such file or directory
[4308] 15 Jan 11:50:32 * The server is now ready to accept connections on port 6379
[5156] 15 Jan 12:05:16 * Server started, Redis version 2.4.5
[5156] 15 Jan 12:05:16 # Open data file dump.rdb: No such file or directory
[5156] 15 Jan 12:05:16 * The server is now ready to accept connections on port 6379
[896] 15 Jan 12:59:26 * Server started, Redis version 2.4.5
[896] 15 Jan 12:59:26 # Open data file dump.rdb: No such file or directory
[896] 15 Jan 12:59:26 * The server is now ready to accept connections on port 6379
[4980] 15 Jan 13:04:55 * Server started, Redis version 2.4.5
[4980] 15 Jan 13:04:55 # Open data file dump.rdb: No such file or directory
[4980] 15 Jan 13:04:55 * The server is now ready to accept connections on port 6379
[4872] 15 Jan 13:11:33 * Server started, Redis version 2.4.5
[4872] 15 Jan 13:11:33 # Open data file dump.rdb: No such file or directory
[4872] 15 Jan 13:11:33 * The server is now ready to accept connections on port 6379
[7108] 15 Jan 13:59:19 * Server started, Redis version 2.4.5
[7108] 15 Jan 13:59:19 # Open data file dump.rdb: No such file or directory
[7108] 15 Jan 13:59:19 * The server is now ready to accept connections on port 6379
[1320] 15 Jan 15:45:05 * Server started, Redis version 2.4.5
[1320] 15 Jan 15:45:05 # Open data file dump.rdb: No such file or directory
[1320] 15 Jan 15:45:05 * The server is now ready to accept connections on port 6379
[5324] 15 Jan 15:48:11 * Server started, Redis version 2.4.5
[5324] 15 Jan 15:48:11 # Open data file dump.rdb: No such file or directory
[5324] 15 Jan 15:48:11 * The server is now ready to accept connections on port 6379
[2988] 15 Jan 15:49:09 * Server started, Redis version 2.4.5
[2988] 15 Jan 15:49:09 # Open data file dump.rdb: No such file or directory
[2988] 15 Jan 15:49:09 * The server is now ready to accept connections on port 6379
[5308] 15 Jan 16:01:51 * Server started, Redis version 2.4.5
[5308] 15 Jan 16:01:51 # Open data file dump.rdb: No such file or directory
[5308] 15 Jan 16:01:51 * The server is now ready to accept connections on port 6379
[4432] 15 Jan 16:02:46 * Server started, Redis version 2.4.5
[4432] 15 Jan 16:02:46 # Open data file dump.rdb: No such file or directory
[4432] 15 Jan 16:02:46 * The server is now ready to accept connections on port 6379
[5972] 15 Jan 16:06:43 * Server started, Redis version 2.4.5
[5972] 15 Jan 16:06:43 # Open data file dump.rdb: No such file or directory
[5972] 15 Jan 16:06:43 * The server is now ready to accept connections on port 6379
[4688] 15 Jan 16:08:04 * Server started, Redis version 2.4.5
[4688] 15 Jan 16:08:04 # Open data file dump.rdb: No such file or directory
[4688] 15 Jan 16:08:04 * The server is now ready to accept connections on port 6379
[5168] 15 Jan 16:10:56 * Server started, Redis version 2.4.5
[5168] 15 Jan 16:10:56 # Open data file dump.rdb: No such file or directory
[5168] 15 Jan 16:10:56 * The server is now ready to accept connections on port 6379
[5804] 15 Jan 16:12:38 * Server started, Redis version 2.4.5
[5804] 15 Jan 16:12:38 # Open data file dump.rdb: No such file or directory
[5804] 15 Jan 16:12:38 * The server is now ready to accept connections on port 6379
[2940] 15 Jan 16:14:14 * Server started, Redis version 2.4.5
[2940] 15 Jan 16:14:14 # Open data file dump.rdb: No such file or directory
[2940] 15 Jan 16:14:14 * The server is now ready to accept connections on port 6379
[4460] 15 Jan 16:15:17 * Server started, Redis version 2.4.5
[4460] 15 Jan 16:15:17 # Open data file dump.rdb: No such file or directory
[4460] 15 Jan 16:15:17 * The server is now ready to accept connections on port 6379
[2952] 15 Jan 16:15:55 * Server started, Redis version 2.4.5
[2952] 15 Jan 16:15:55 # Open data file dump.rdb: No such file or directory
[2952] 15 Jan 16:15:55 * The server is now ready to accept connections on port 6379
[1824] 15 Jan 16:30:47 * Server started, Redis version 2.4.5
[1824] 15 Jan 16:30:47 # Open data file dump.rdb: No such file or directory
[1824] 15 Jan 16:30:47 * The server is now ready to accept connections on port 6379
[5216] 15 Jan 16:41:45 * Server started, Redis version 2.4.5
[5216] 15 Jan 16:41:45 # Open data file dump.rdb: No such file or directory
[5216] 15 Jan 16:41:45 * The server is now ready to accept connections on port 6379
[5292] 15 Jan 16:46:42 * Server started, Redis version 2.4.5
[5292] 15 Jan 16:46:42 # Open data file dump.rdb: No such file or directory
[5292] 15 Jan 16:46:42 * The server is now ready to accept connections on port 6379
[3372] 15 Jan 16:50:27 * Server started, Redis version 2.4.5
[3372] 15 Jan 16:50:27 # Open data file dump.rdb: No such file or directory
[3372] 15 Jan 16:50:27 * The server is now ready to accept connections on port 6379
[5584] 15 Jan 16:58:24 * Server started, Redis version 2.4.5
[5584] 15 Jan 16:58:24 # Open data file dump.rdb: No such file or directory
[5584] 15 Jan 16:58:24 * The server is now ready to accept connections on port 6379
[6028] 15 Jan 16:59:27 * Server started, Redis version 2.4.5
[6028] 15 Jan 16:59:27 # Open data file dump.rdb: No such file or directory
[6028] 15 Jan 16:59:27 * The server is now ready to accept connections on port 6379
[5076] 15 Jan 17:08:43 * Server started, Redis version 2.4.5
[5076] 15 Jan 17:08:43 # Open data file dump.rdb: No such file or directory
[5076] 15 Jan 17:08:43 * The server is now ready to accept connections on port 6379
[6848] 16 Jan 08:54:17 * Server started, Redis version 2.4.5
[6848] 16 Jan 08:54:17 # Open data file dump.rdb: No such file or directory
[6848] 16 Jan 08:54:17 * The server is now ready to accept connections on port 6379
