150924 16:28:57 [Note] Plugin 'FEDERATED' is disabled.
150924 16:28:57 [Note] Plugin 'InnoDB' is disabled.
150924 16:28:57 [Note] Event Scheduler: Loaded 0 events
150924 16:28:57 [Note] C:\Winginx\mysql\mysqld.exe: ready for connections.
Version: '5.1.62-community'  socket: ''  port: 3306  MySQL Community Server (GPL)
151002 17:49:11 [Note] Plugin 'FEDERATED' is disabled.
151002 17:49:11 [Note] Plugin 'InnoDB' is disabled.
151002 17:49:12 [Note] Event Scheduler: Loaded 0 events
151002 17:49:12 [Note] C:\Winginx\mysql\mysqld.exe: ready for connections.
Version: '5.1.62-community'  socket: ''  port: 3306  MySQL Community Server (GPL)
151003 12:10:00 [Note] Plugin 'FEDERATED' is disabled.
151003 12:10:00 [Note] Plugin 'InnoDB' is disabled.
151003 12:10:00 [Note] Event Scheduler: Loaded 0 events
151003 12:10:00 [Note] C:\Winginx\mysql\mysqld.exe: ready for connections.
Version: '5.1.62-community'  socket: ''  port: 3306  MySQL Community Server (GPL)
151016  8:10:29 [Note] Plugin 'FEDERATED' is disabled.
151016  8:10:29 [Note] Plugin 'InnoDB' is disabled.
151016  8:10:30 [Note] Event Scheduler: Loaded 0 events
151016  8:10:30 [Note] C:\Winginx\mysql\mysqld.exe: ready for connections.
Version: '5.1.62-community'  socket: ''  port: 3306  MySQL Community Server (GPL)
151126 21:44:15 [Note] Plugin 'FEDERATED' is disabled.
151126 21:44:15 [Note] Plugin 'InnoDB' is disabled.
151126 21:44:16 [Note] Event Scheduler: Loaded 0 events
151126 21:44:16 [Note] C:\Winginx\mysql\mysqld.exe: ready for connections.
Version: '5.1.62-community'  socket: ''  port: 3306  MySQL Community Server (GPL)
151218  8:32:06 [Note] Plugin 'FEDERATED' is disabled.
151218  8:32:06 [Note] Plugin 'InnoDB' is disabled.
151218  8:32:07 [Note] Event Scheduler: Loaded 0 events
151218  8:32:07 [Note] C:\Winginx\mysql\mysqld.exe: ready for connections.
Version: '5.1.62-community'  socket: ''  port: 3306  MySQL Community Server (GPL)
151218  8:36:34 [Note] Plugin 'FEDERATED' is disabled.
151218  8:36:34 [Note] Plugin 'InnoDB' is disabled.
151218  8:36:35 [Note] Event Scheduler: Loaded 0 events
151218  8:36:35 [Note] C:\Winginx\mysql\mysqld.exe: ready for connections.
Version: '5.1.62-community'  socket: ''  port: 3306  MySQL Community Server (GPL)
151223 10:03:57 [Note] Plugin 'FEDERATED' is disabled.
151223 10:03:57 [Note] Plugin 'InnoDB' is disabled.
151223 10:03:58 [Note] Event Scheduler: Loaded 0 events
151223 10:03:58 [Note] C:\Winginx\mysql\mysqld.exe: ready for connections.
Version: '5.1.62-community'  socket: ''  port: 3306  MySQL Community Server (GPL)
151223 10:04:37 [Note] Plugin 'FEDERATED' is disabled.
151223 10:04:37 [Note] Plugin 'InnoDB' is disabled.
151223 10:04:37 [Note] Event Scheduler: Loaded 0 events
151223 10:04:37 [Note] C:\Winginx\mysql\mysqld.exe: ready for connections.
Version: '5.1.62-community'  socket: ''  port: 3306  MySQL Community Server (GPL)
151223 10:57:17 [Note] Plugin 'FEDERATED' is disabled.
151223 10:57:17 [Note] Plugin 'InnoDB' is disabled.
151223 10:57:17 [Note] Event Scheduler: Loaded 0 events
151223 10:57:17 [Note] C:\Winginx\mysql\mysqld.exe: ready for connections.
Version: '5.1.62-community'  socket: ''  port: 3306  MySQL Community Server (GPL)
151225  8:42:06 [Note] Plugin 'FEDERATED' is disabled.
151225  8:42:06 [Note] Plugin 'InnoDB' is disabled.
151225  8:42:06 [Note] Event Scheduler: Loaded 0 events
151225  8:42:06 [Note] C:\Winginx\mysql\mysqld.exe: ready for connections.
Version: '5.1.62-community'  socket: ''  port: 3306  MySQL Community Server (GPL)
151225  9:43:56 [Note] Plugin 'FEDERATED' is disabled.
151225  9:43:56 [Note] Plugin 'InnoDB' is disabled.
151225  9:43:56 [Note] Event Scheduler: Loaded 0 events
151225  9:43:56 [Note] C:\Winginx\mysql\mysqld.exe: ready for connections.
Version: '5.1.62-community'  socket: ''  port: 3306  MySQL Community Server (GPL)
151225 12:53:44 [Note] Plugin 'FEDERATED' is disabled.
151225 12:53:44 [Note] Plugin 'InnoDB' is disabled.
151225 12:53:44 [Note] Event Scheduler: Loaded 0 events
151225 12:53:44 [Note] C:\Winginx\mysql\mysqld.exe: ready for connections.
Version: '5.1.62-community'  socket: ''  port: 3306  MySQL Community Server (GPL)
160115 11:50:30 [Note] Plugin 'FEDERATED' is disabled.
160115 11:50:30 [Note] Plugin 'InnoDB' is disabled.
160115 11:50:30 [Note] Event Scheduler: Loaded 0 events
160115 11:50:30 [Note] C:\Winginx\mysql\mysqld.exe: ready for connections.
Version: '5.1.62-community'  socket: ''  port: 3306  MySQL Community Server (GPL)
160115 12:05:15 [Note] Plugin 'FEDERATED' is disabled.
160115 12:05:15 [Note] Plugin 'InnoDB' is disabled.
160115 12:05:15 [Note] Event Scheduler: Loaded 0 events
160115 12:05:15 [Note] C:\Winginx\mysql\mysqld.exe: ready for connections.
Version: '5.1.62-community'  socket: ''  port: 3306  MySQL Community Server (GPL)
160115 12:59:25 [Note] Plugin 'FEDERATED' is disabled.
160115 12:59:25 [Note] Plugin 'InnoDB' is disabled.
160115 12:59:25 [Note] Event Scheduler: Loaded 0 events
160115 12:59:25 [Note] C:\Winginx\mysql\mysqld.exe: ready for connections.
Version: '5.1.62-community'  socket: ''  port: 3306  MySQL Community Server (GPL)
160115 13:04:54 [Note] Plugin 'FEDERATED' is disabled.
160115 13:04:54 [Note] Plugin 'InnoDB' is disabled.
160115 13:04:54 [Note] Event Scheduler: Loaded 0 events
160115 13:04:54 [Note] C:\Winginx\mysql\mysqld.exe: ready for connections.
Version: '5.1.62-community'  socket: ''  port: 3306  MySQL Community Server (GPL)
160115 13:11:33 [Note] Plugin 'FEDERATED' is disabled.
160115 13:11:33 [Note] Plugin 'InnoDB' is disabled.
160115 13:11:33 [Note] Event Scheduler: Loaded 0 events
160115 13:11:33 [Note] C:\Winginx\mysql\mysqld.exe: ready for connections.
Version: '5.1.62-community'  socket: ''  port: 3306  MySQL Community Server (GPL)
160115 13:59:18 [Note] Plugin 'FEDERATED' is disabled.
160115 13:59:18 [Note] Plugin 'InnoDB' is disabled.
160115 13:59:18 [Note] Event Scheduler: Loaded 0 events
160115 13:59:18 [Note] C:\Winginx\mysql\mysqld.exe: ready for connections.
Version: '5.1.62-community'  socket: ''  port: 3306  MySQL Community Server (GPL)
160115 15:45:04 [Note] Plugin 'FEDERATED' is disabled.
160115 15:45:04 [Note] Plugin 'InnoDB' is disabled.
160115 15:45:04 [Note] Event Scheduler: Loaded 0 events
160115 15:45:04 [Note] C:\Winginx\mysql\mysqld.exe: ready for connections.
Version: '5.1.62-community'  socket: ''  port: 3306  MySQL Community Server (GPL)
160115 15:48:10 [Note] Plugin 'FEDERATED' is disabled.
160115 15:48:10 [Note] Plugin 'InnoDB' is disabled.
160115 15:48:10 [Note] Event Scheduler: Loaded 0 events
160115 15:48:10 [Note] C:\Winginx\mysql\mysqld.exe: ready for connections.
Version: '5.1.62-community'  socket: ''  port: 3306  MySQL Community Server (GPL)
160115 15:49:08 [Note] Plugin 'FEDERATED' is disabled.
160115 15:49:08 [Note] Plugin 'InnoDB' is disabled.
160115 15:49:08 [Note] Event Scheduler: Loaded 0 events
160115 15:49:08 [Note] C:\Winginx\mysql\mysqld.exe: ready for connections.
Version: '5.1.62-community'  socket: ''  port: 3306  MySQL Community Server (GPL)
160115 16:01:50 [Note] Plugin 'FEDERATED' is disabled.
160115 16:01:50 [Note] Plugin 'InnoDB' is disabled.
160115 16:01:50 [Note] Event Scheduler: Loaded 0 events
160115 16:01:50 [Note] C:\Winginx\mysql\mysqld.exe: ready for connections.
Version: '5.1.62-community'  socket: ''  port: 3306  MySQL Community Server (GPL)
160115 16:02:45 [Note] Plugin 'FEDERATED' is disabled.
160115 16:02:45 [Note] Plugin 'InnoDB' is disabled.
160115 16:02:45 [Note] Event Scheduler: Loaded 0 events
160115 16:02:45 [Note] C:\Winginx\mysql\mysqld.exe: ready for connections.
Version: '5.1.62-community'  socket: ''  port: 3306  MySQL Community Server (GPL)
160115 16:06:42 [Note] Plugin 'FEDERATED' is disabled.
160115 16:06:42 [Note] Plugin 'InnoDB' is disabled.
160115 16:06:42 [Note] Event Scheduler: Loaded 0 events
160115 16:06:42 [Note] C:\Winginx\mysql\mysqld.exe: ready for connections.
Version: '5.1.62-community'  socket: ''  port: 3306  MySQL Community Server (GPL)
160115 16:08:03 [Note] Plugin 'FEDERATED' is disabled.
160115 16:08:03 [Note] Plugin 'InnoDB' is disabled.
160115 16:08:03 [Note] Event Scheduler: Loaded 0 events
160115 16:08:03 [Note] C:\Winginx\mysql\mysqld.exe: ready for connections.
Version: '5.1.62-community'  socket: ''  port: 3306  MySQL Community Server (GPL)
160115 16:10:55 [Note] Plugin 'FEDERATED' is disabled.
160115 16:10:55 [Note] Plugin 'InnoDB' is disabled.
160115 16:10:55 [Note] Event Scheduler: Loaded 0 events
160115 16:10:55 [Note] C:\Winginx\mysql\mysqld.exe: ready for connections.
Version: '5.1.62-community'  socket: ''  port: 3306  MySQL Community Server (GPL)
160115 16:12:37 [Note] Plugin 'FEDERATED' is disabled.
160115 16:12:37 [Note] Plugin 'InnoDB' is disabled.
160115 16:12:37 [Note] Event Scheduler: Loaded 0 events
160115 16:12:37 [Note] C:\Winginx\mysql\mysqld.exe: ready for connections.
Version: '5.1.62-community'  socket: ''  port: 3306  MySQL Community Server (GPL)
160115 16:14:13 [Note] Plugin 'FEDERATED' is disabled.
160115 16:14:13 [Note] Plugin 'InnoDB' is disabled.
160115 16:14:13 [Note] Event Scheduler: Loaded 0 events
160115 16:14:13 [Note] C:\Winginx\mysql\mysqld.exe: ready for connections.
Version: '5.1.62-community'  socket: ''  port: 3306  MySQL Community Server (GPL)
160115 16:15:16 [Note] Plugin 'FEDERATED' is disabled.
160115 16:15:16 [Note] Plugin 'InnoDB' is disabled.
160115 16:15:16 [Note] Event Scheduler: Loaded 0 events
160115 16:15:16 [Note] C:\Winginx\mysql\mysqld.exe: ready for connections.
Version: '5.1.62-community'  socket: ''  port: 3306  MySQL Community Server (GPL)
160115 16:15:54 [Note] Plugin 'FEDERATED' is disabled.
160115 16:15:54 [Note] Plugin 'InnoDB' is disabled.
160115 16:15:54 [Note] Event Scheduler: Loaded 0 events
160115 16:15:54 [Note] C:\Winginx\mysql\mysqld.exe: ready for connections.
Version: '5.1.62-community'  socket: ''  port: 3306  MySQL Community Server (GPL)
160115 16:30:47 [Note] Plugin 'FEDERATED' is disabled.
160115 16:30:47 [Note] Plugin 'InnoDB' is disabled.
160115 16:30:47 [Note] Event Scheduler: Loaded 0 events
160115 16:30:47 [Note] C:\Winginx\mysql\mysqld.exe: ready for connections.
Version: '5.1.62-community'  socket: ''  port: 3306  MySQL Community Server (GPL)
160115 16:41:44 [Note] Plugin 'FEDERATED' is disabled.
160115 16:41:44 [Note] Plugin 'InnoDB' is disabled.
160115 16:41:44 [Note] Event Scheduler: Loaded 0 events
160115 16:41:44 [Note] C:\Winginx\mysql\mysqld.exe: ready for connections.
Version: '5.1.62-community'  socket: ''  port: 3306  MySQL Community Server (GPL)
160115 16:46:41 [Note] Plugin 'FEDERATED' is disabled.
160115 16:46:41 [Note] Plugin 'InnoDB' is disabled.
160115 16:46:41 [Note] Event Scheduler: Loaded 0 events
160115 16:46:41 [Note] C:\Winginx\mysql\mysqld.exe: ready for connections.
Version: '5.1.62-community'  socket: ''  port: 3306  MySQL Community Server (GPL)
160115 16:50:26 [Note] Plugin 'FEDERATED' is disabled.
160115 16:50:26 [Note] Plugin 'InnoDB' is disabled.
160115 16:50:26 [Note] Event Scheduler: Loaded 0 events
160115 16:50:26 [Note] C:\Winginx\mysql\mysqld.exe: ready for connections.
Version: '5.1.62-community'  socket: ''  port: 3306  MySQL Community Server (GPL)
160115 16:58:23 [Note] Plugin 'FEDERATED' is disabled.
160115 16:58:23 [Note] Plugin 'InnoDB' is disabled.
160115 16:58:23 [Note] Event Scheduler: Loaded 0 events
160115 16:58:23 [Note] C:\Winginx\mysql\mysqld.exe: ready for connections.
Version: '5.1.62-community'  socket: ''  port: 3306  MySQL Community Server (GPL)
160115 16:59:26 [Note] Plugin 'FEDERATED' is disabled.
160115 16:59:26 [Note] Plugin 'InnoDB' is disabled.
160115 16:59:26 [Note] Event Scheduler: Loaded 0 events
160115 16:59:26 [Note] C:\Winginx\mysql\mysqld.exe: ready for connections.
Version: '5.1.62-community'  socket: ''  port: 3306  MySQL Community Server (GPL)
160115 17:08:42 [Note] Plugin 'FEDERATED' is disabled.
160115 17:08:42 [Note] Plugin 'InnoDB' is disabled.
160115 17:08:42 [Note] Event Scheduler: Loaded 0 events
160115 17:08:42 [Note] C:\Winginx\mysql\mysqld.exe: ready for connections.
Version: '5.1.62-community'  socket: ''  port: 3306  MySQL Community Server (GPL)
160116  8:54:16 [Note] Plugin 'FEDERATED' is disabled.
160116  8:54:16 [Note] Plugin 'InnoDB' is disabled.
160116  8:54:16 [Note] Event Scheduler: Loaded 0 events
160116  8:54:16 [Note] C:\Winginx\mysql\mysqld.exe: ready for connections.
Version: '5.1.62-community'  socket: ''  port: 3306  MySQL Community Server (GPL)
